Using pre-set license
Built from '2021.3/staging' branch; Version is '2021.3.21f1 (1b156197d683) revision 1774945'; Using compiler version '192829333'; Build Type 'Release'
OS: 'Windows 11  (10.0.22621) 64bit CoreSingleLanguage' Language: 'en' Physical Memory: 16167 MB
BatchMode: 1, IsHumanControllingUs: 0, StartBugReporterOnCrash: 0, Is64bit: 1, IsPro: 1

COMMAND LINE ARGUMENTS:
C:\Program Files\Unity\Hub\Editor\2021.3.21f1\Editor\Unity.exe
-adb2
-batchMode
-noUpm
-name
AssetImportWorker0
-projectPath
D:/SUNIB/B25/SEMESTER 4/MID EXAM/Multimedia/MID EXAM
-logFile
Logs/AssetImportWorker0.log
-srvPort
59590
Successfully changed project path to: D:/SUNIB/B25/SEMESTER 4/MID EXAM/Multimedia/MID EXAM
D:/SUNIB/B25/SEMESTER 4/MID EXAM/Multimedia/MID EXAM
[UnityMemory] Configuration Parameters - Can be set up in boot.config
    "memorysetup-bucket-allocator-granularity=16"
    "memorysetup-bucket-allocator-bucket-count=8"
    "memorysetup-bucket-allocator-block-size=33554432"
    "memorysetup-bucket-allocator-block-count=8"
    "memorysetup-main-allocator-block-size=16777216"
    "memorysetup-thread-allocator-block-size=16777216"
    "memorysetup-gfx-main-allocator-block-size=16777216"
    "memorysetup-gfx-thread-allocator-block-size=16777216"
    "memorysetup-cache-allocator-block-size=4194304"
    "memorysetup-typetree-allocator-block-size=2097152"
    "memorysetup-profiler-bucket-allocator-granularity=16"
    "memorysetup-profiler-bucket-allocator-bucket-count=8"
    "memorysetup-profiler-bucket-allocator-block-size=33554432"
    "memorysetup-profiler-bucket-allocator-block-count=8"
    "memorysetup-profiler-allocator-block-size=16777216"
    "memorysetup-profiler-editor-allocator-block-size=1048576"
    "memorysetup-temp-allocator-size-main=16777216"
    "memorysetup-job-temp-allocator-block-size=2097152"
    "memorysetup-job-temp-allocator-block-size-background=1048576"
    "memorysetup-job-temp-allocator-reduction-small-platforms=262144"
    "memorysetup-temp-allocator-size-background-worker=32768"
    "memorysetup-temp-allocator-size-job-worker=262144"
    "memorysetup-temp-allocator-size-preload-manager=33554432"
    "memorysetup-temp-allocator-size-nav-mesh-worker=65536"
    "memorysetup-temp-allocator-size-audio-worker=65536"
    "memorysetup-temp-allocator-size-cloud-worker=32768"
    "memorysetup-temp-allocator-size-gi-baking-worker=262144"
    "memorysetup-temp-allocator-size-gfx=262144"
Player connection [25188] Host "[IP] 192.168.100.30 [Port] 0 [Flags] 2 [Guid] 3604994957 [EditorId] 3604994957 [Version] 1048832 [Id] WindowsEditor(7,Ian) [Debug] 1 [PackageName] WindowsEditor [ProjectName] Editor" joined multi-casting on [225.0.0.222:54997]...

Player connection [25188] Host "[IP] 192.168.100.30 [Port] 0 [Flags] 2 [Guid] 3604994957 [EditorId] 3604994957 [Version] 1048832 [Id] WindowsEditor(7,Ian) [Debug] 1 [PackageName] WindowsEditor [ProjectName] Editor" joined alternative multi-casting on [225.0.0.222:34997]...

Refreshing native plugins compatible for Editor in 344.78 ms, found 6 plugins.
Preloading 2 native plugins for Editor in 12.12 ms.
Initialize engine version: 2021.3.21f1 (1b156197d683)
[Subsystems] Discovering subsystems at path C:/Program Files/Unity/Hub/Editor/2021.3.21f1/Editor/Data/Resources/UnitySubsystems
[Subsystems] Discovering subsystems at path D:/SUNIB/B25/SEMESTER 4/MID EXAM/Multimedia/MID EXAM/Assets
GfxDevice: creating device client; threaded=0; jobified=0
Direct3D:
    Version:  Direct3D 11.0 [level 11.1]
    Renderer: NVIDIA GeForce MX450 (ID=0x1f97)
    Vendor:   NVIDIA
    VRAM:     1920 MB
    Driver:   31.0.15.3168
Initialize mono
Mono path[0] = 'C:/Program Files/Unity/Hub/Editor/2021.3.21f1/Editor/Data/Managed'
Mono path[1] = 'C:/Program Files/Unity/Hub/Editor/2021.3.21f1/Editor/Data/MonoBleedingEdge/lib/mono/unityjit-win32'
Mono config path = 'C:/Program Files/Unity/Hub/Editor/2021.3.21f1/Editor/Data/MonoBleedingEdge/etc'
Using monoOptions --debugger-agent=transport=dt_socket,embedding=1,server=y,suspend=n,address=127.0.0.1:56220
Begin MonoManager ReloadAssembly
Registering precompiled unity dll's ...
Register platform support module: C:/Program Files/Unity/Hub/Editor/2021.3.21f1/Editor/Data/PlaybackEngines/AndroidPlayer/UnityEditor.Android.Extensions.dll
Register platform support module: C:/Program Files/Unity/Hub/Editor/2021.3.21f1/Editor/Data/PlaybackEngines/iOSSupport/UnityEditor.iOS.Extensions.dll
Register platform support module: C:/Program Files/Unity/Hub/Editor/2021.3.21f1/Editor/Data/PlaybackEngines/WindowsStandaloneSupport/UnityEditor.WindowsStandalone.Extensions.dll
Registered in 0.026038 seconds.
Native extension for WindowsStandalone target not found
[usbmuxd] Start listen thread
[usbmuxd] Listen thread started
Native extension for iOS target not found
Native extension for Android target not found
Android Extension - Scanning For ADB Devices 1404 ms
Refreshing native plugins compatible for Editor in 312.29 ms, found 6 plugins.
Preloading 2 native plugins for Editor in 0.15 ms.
Mono: successfully reloaded assembly
- Completed reload, in  4.297 seconds
Domain Reload Profiling:
	ReloadAssembly (4298ms)
		BeginReloadAssembly (442ms)
			ExecutionOrderSort (0ms)
			DisableScriptedObjects (0ms)
			BackupInstance (0ms)
			ReleaseScriptingObjects (0ms)
			CreateAndSetChildDomain (2ms)
		EndReloadAssembly (3357ms)
			LoadAssemblies (438ms)
			RebuildTransferFunctionScriptingTraits (0ms)
			SetupTypeCache (499ms)
			ReleaseScriptCaches (0ms)
			RebuildScriptCaches (116ms)
			SetupLoadedEditorAssemblies (2556ms)
				LogAssemblyErrors (0ms)
				InitializePlatformSupportModulesInManaged (1712ms)
				SetLoadedEditorAssemblies (1ms)
				RefreshPlugins (313ms)
				BeforeProcessingInitializeOnLoad (3ms)
				ProcessInitializeOnLoadAttributes (361ms)
				ProcessInitializeOnLoadMethodAttributes (166ms)
				AfterProcessingInitializeOnLoad (0ms)
				EditorAssembliesLoaded (0ms)
			ExecutionOrderSort2 (0ms)
			AwakeInstancesAfterBackupRestoration (0ms)
Platform modules already initialized, skipping
Registering precompiled user dll's ...
Registered in 0.018888 seconds.
Begin MonoManager ReloadAssembly
Symbol file LoadedFromMemory doesn't match image D:\SUNIB\B25\SEMESTER 4\MID EXAM\Multimedia\MID EXAM\Library\PackageCache\com.unity.visualscripting@1.8.0\Editor\VisualScripting.Core\Dependencies\YamlDotNet\Unity.VisualScripting.YamlDotNet.dll
Symbol file LoadedFromMemory doesn't match image D:\SUNIB\B25\SEMESTER 4\MID EXAM\Multimedia\MID EXAM\Library\PackageCache\com.unity.visualscripting@1.8.0\Editor\VisualScripting.Core\Dependencies\DotNetZip\Unity.VisualScripting.IonicZip.dll
Native extension for WindowsStandalone target not found
Native extension for iOS target not found
Native extension for Android target not found
Refreshing native plugins compatible for Editor in 1.40 ms, found 6 plugins.
Preloading 2 native plugins for Editor in 0.13 ms.
Mono: successfully reloaded assembly
- Completed reload, in  3.991 seconds
Domain Reload Profiling:
	ReloadAssembly (3994ms)
		BeginReloadAssembly (503ms)
			ExecutionOrderSort (0ms)
			DisableScriptedObjects (19ms)
			BackupInstance (0ms)
			ReleaseScriptingObjects (0ms)
			CreateAndSetChildDomain (60ms)
		EndReloadAssembly (3072ms)
			LoadAssemblies (421ms)
			RebuildTransferFunctionScriptingTraits (0ms)
			SetupTypeCache (1151ms)
			ReleaseScriptCaches (4ms)
			RebuildScriptCaches (215ms)
			SetupLoadedEditorAssemblies (1247ms)
				LogAssemblyErrors (0ms)
				InitializePlatformSupportModulesInManaged (100ms)
				SetLoadedEditorAssemblies (1ms)
				RefreshPlugins (2ms)
				BeforeProcessingInitializeOnLoad (271ms)
				ProcessInitializeOnLoadAttributes (778ms)
				ProcessInitializeOnLoadMethodAttributes (76ms)
				AfterProcessingInitializeOnLoad (20ms)
				EditorAssembliesLoaded (1ms)
			ExecutionOrderSort2 (0ms)
			AwakeInstancesAfterBackupRestoration (23ms)
Platform modules already initialized, skipping
========================================================================
Worker process is ready to serve import requests
Launched and connected shader compiler UnityShaderCompiler.exe after 0.27 seconds
Refreshing native plugins compatible for Editor in 13.39 ms, found 6 plugins.
Preloading 2 native plugins for Editor in 0.19 ms.
Unloading 3112 Unused Serialized files (Serialized files now loaded: 0)
Unloading 47 unused Assets / (124.2 KB). Loaded Objects now: 3869.
Memory consumption went from 116.2 MB to 116.1 MB.
Total: 58.236200 ms (FindLiveObjects: 32.682300 ms CreateObjectMapping: 0.572700 ms MarkObjects: 24.235500 ms  DeleteObjects: 0.742600 ms)

AssetImportParameters requested are different than current active one (requested -> active):
  custom:video-decoder-ogg-theora: a1e56fd34408186e4bbccfd4996cb3dc -> 
  custom:container-muxer-webm: aa71ff27fc2769a1b78a27578f13a17b -> 
  custom:container-demuxer-webm: 4f35f7cbe854078d1ac9338744f61a02 -> 
  custom:video-encoder-webm-vp8: eb34c28f22e8b96e1ab97ce403110664 -> 
  custom:video-codec-MediaFoundation-h265: 746d11721c4dcdbdad8f713fa42b33f4 -> 
  custom:audio-encoder-webm-vorbis: bf7c407c2cedff20999df2af8eb42d56 -> 
  custom:framework-win-MediaFoundation: 216162199b28c13a410421893ffa2e32 -> 
  custom:container-demuxer-ogg: 62fdf1f143b41e24485cea50d1cbac27 -> 
  custom:video-decoder-webm-vp8: 9c59270c3fd7afecdb556c50c9e8de78 -> 
  custom:audio-decoder-ogg-vorbis: bf7c407c2cedff20999df2af8eb42d56 -> 
========================================================================
Received Import Request.
  Time since last request: 99024.986082 seconds.
  path: Assets/Resources/UI Files/Group 1.png
  artifactKey: Guid(4b8595aeeb734664d9cfcdbea83fda40) Importer(815301076,1909f56bfc062723c751e8b465ee728b)
Start importing Assets/Resources/UI Files/Group 1.png using Guid(4b8595aeeb734664d9cfcdbea83fda40) Importer(815301076,1909f56bfc062723c751e8b465ee728b)  -> (artifact id: '6044154a025f0cc69e5a1b194712f73b') in 0.260826 seconds 
========================================================================
Received Import Request.
  Time since last request: 0.000276 seconds.
  path: Assets/Resources/UI Files/Group 3.png
  artifactKey: Guid(65fe9db7cbe453642b676b107c5493ec) Importer(815301076,1909f56bfc062723c751e8b465ee728b)
Start importing Assets/Resources/UI Files/Group 3.png using Guid(65fe9db7cbe453642b676b107c5493ec) Importer(815301076,1909f56bfc062723c751e8b465ee728b)  -> (artifact id: '9268d2ec02693f3b5f9e33947390d6db') in 0.029267 seconds 
========================================================================
Received Import Request.
  Time since last request: 12.879157 seconds.
  path: Assets/Resources/UI Files/Group 1.png
  artifactKey: Guid(4b8595aeeb734664d9cfcdbea83fda40) Importer(815301076,1909f56bfc062723c751e8b465ee728b)
Start importing Assets/Resources/UI Files/Group 1.png using Guid(4b8595aeeb734664d9cfcdbea83fda40) Importer(815301076,1909f56bfc062723c751e8b465ee728b)  -> (artifact id: 'ccc84d55c14947bf94a449cd8810e575') in 0.116335 seconds 
========================================================================
Received Import Request.
  Time since last request: 0.000043 seconds.
  path: Assets/Resources/UI Files/Group 3.png
  artifactKey: Guid(65fe9db7cbe453642b676b107c5493ec) Importer(815301076,1909f56bfc062723c751e8b465ee728b)
Start importing Assets/Resources/UI Files/Group 3.png using Guid(65fe9db7cbe453642b676b107c5493ec) Importer(815301076,1909f56bfc062723c751e8b465ee728b)  -> (artifact id: '56a04e5b6436ef21dd73d6d2776e116d') in 0.015305 seconds 
========================================================================
Received Prepare
Registering precompiled user dll's ...
Registered in 0.010483 seconds.
Begin MonoManager ReloadAssembly
Symbol file LoadedFromMemory doesn't match image D:\SUNIB\B25\SEMESTER 4\MID EXAM\Multimedia\MID EXAM\Library\PackageCache\com.unity.visualscripting@1.8.0\Editor\VisualScripting.Core\Dependencies\YamlDotNet\Unity.VisualScripting.YamlDotNet.dll
Symbol file LoadedFromMemory doesn't match image D:\SUNIB\B25\SEMESTER 4\MID EXAM\Multimedia\MID EXAM\Library\PackageCache\com.unity.visualscripting@1.8.0\Editor\VisualScripting.Core\Dependencies\DotNetZip\Unity.VisualScripting.IonicZip.dll
Native extension for WindowsStandalone target not found
Native extension for iOS target not found
Native extension for Android target not found
Refreshing native plugins compatible for Editor in 2.00 ms, found 6 plugins.
Preloading 2 native plugins for Editor in 0.14 ms.
Mono: successfully reloaded assembly
- Completed reload, in  3.322 seconds
Domain Reload Profiling:
	ReloadAssembly (3324ms)
		BeginReloadAssembly (279ms)
			ExecutionOrderSort (0ms)
			DisableScriptedObjects (7ms)
			BackupInstance (0ms)
			ReleaseScriptingObjects (0ms)
			CreateAndSetChildDomain (80ms)
		EndReloadAssembly (2835ms)
			LoadAssemblies (207ms)
			RebuildTransferFunctionScriptingTraits (0ms)
			SetupTypeCache (1223ms)
			ReleaseScriptCaches (6ms)
			RebuildScriptCaches (179ms)
			SetupLoadedEditorAssemblies (1017ms)
				LogAssemblyErrors (0ms)
				InitializePlatformSupportModulesInManaged (68ms)
				SetLoadedEditorAssemblies (1ms)
				RefreshPlugins (2ms)
				BeforeProcessingInitializeOnLoad (141ms)
				ProcessInitializeOnLoadAttributes (762ms)
				ProcessInitializeOnLoadMethodAttributes (33ms)
				AfterProcessingInitializeOnLoad (9ms)
				EditorAssembliesLoaded (0ms)
			ExecutionOrderSort2 (0ms)
			AwakeInstancesAfterBackupRestoration (15ms)
Platform modules already initialized, skipping
Refreshing native plugins compatible for Editor in 8.45 ms, found 6 plugins.
Preloading 2 native plugins for Editor in 0.06 ms.
Unloading 3077 Unused Serialized files (Serialized files now loaded: 0)
Unloading 40 unused Assets / (90.7 KB). Loaded Objects now: 3880.
Memory consumption went from 117.3 MB to 117.2 MB.
Total: 5.683200 ms (FindLiveObjects: 1.575300 ms CreateObjectMapping: 0.407800 ms MarkObjects: 3.528900 ms  DeleteObjects: 0.167900 ms)

AssetImportParameters requested are different than current active one (requested -> active):
  custom:video-decoder-ogg-theora: a1e56fd34408186e4bbccfd4996cb3dc -> 
  custom:container-muxer-webm: aa71ff27fc2769a1b78a27578f13a17b -> 
  custom:container-demuxer-webm: 4f35f7cbe854078d1ac9338744f61a02 -> 
  custom:video-encoder-webm-vp8: eb34c28f22e8b96e1ab97ce403110664 -> 
  custom:video-codec-MediaFoundation-h265: 746d11721c4dcdbdad8f713fa42b33f4 -> 
  custom:audio-encoder-webm-vorbis: bf7c407c2cedff20999df2af8eb42d56 -> 
  custom:framework-win-MediaFoundation: 216162199b28c13a410421893ffa2e32 -> 
  custom:container-demuxer-ogg: 62fdf1f143b41e24485cea50d1cbac27 -> 
  custom:video-decoder-webm-vp8: 9c59270c3fd7afecdb556c50c9e8de78 -> 
  custom:audio-decoder-ogg-vorbis: bf7c407c2cedff20999df2af8eb42d56 -> 
========================================================================
Received Prepare
Registering precompiled user dll's ...
Registered in 0.016800 seconds.
Begin MonoManager ReloadAssembly
Symbol file LoadedFromMemory doesn't match image D:\SUNIB\B25\SEMESTER 4\MID EXAM\Multimedia\MID EXAM\Library\PackageCache\com.unity.visualscripting@1.8.0\Editor\VisualScripting.Core\Dependencies\YamlDotNet\Unity.VisualScripting.YamlDotNet.dll
Symbol file LoadedFromMemory doesn't match image D:\SUNIB\B25\SEMESTER 4\MID EXAM\Multimedia\MID EXAM\Library\PackageCache\com.unity.visualscripting@1.8.0\Editor\VisualScripting.Core\Dependencies\DotNetZip\Unity.VisualScripting.IonicZip.dll
Native extension for WindowsStandalone target not found
Native extension for iOS target not found
Native extension for Android target not found
Refreshing native plugins compatible for Editor in 1.58 ms, found 6 plugins.
Preloading 2 native plugins for Editor in 0.20 ms.
Mono: successfully reloaded assembly
- Completed reload, in  4.115 seconds
Domain Reload Profiling:
	ReloadAssembly (4117ms)
		BeginReloadAssembly (646ms)
			ExecutionOrderSort (0ms)
			DisableScriptedObjects (22ms)
			BackupInstance (0ms)
			ReleaseScriptingObjects (0ms)
			CreateAndSetChildDomain (119ms)
		EndReloadAssembly (3105ms)
			LoadAssemblies (474ms)
			RebuildTransferFunctionScriptingTraits (0ms)
			SetupTypeCache (981ms)
			ReleaseScriptCaches (2ms)
			RebuildScriptCaches (152ms)
			SetupLoadedEditorAssemblies (1508ms)
				LogAssemblyErrors (0ms)
				InitializePlatformSupportModulesInManaged (120ms)
				SetLoadedEditorAssemblies (2ms)
				RefreshPlugins (2ms)
				BeforeProcessingInitializeOnLoad (216ms)
				ProcessInitializeOnLoadAttributes (1037ms)
				ProcessInitializeOnLoadMethodAttributes (99ms)
				AfterProcessingInitializeOnLoad (32ms)
				EditorAssembliesLoaded (0ms)
			ExecutionOrderSort2 (0ms)
			AwakeInstancesAfterBackupRestoration (29ms)
Platform modules already initialized, skipping
Refreshing native plugins compatible for Editor in 8.86 ms, found 6 plugins.
Preloading 2 native plugins for Editor in 0.12 ms.
Unloading 3077 Unused Serialized files (Serialized files now loaded: 0)
Unloading 40 unused Assets / (90.7 KB). Loaded Objects now: 3883.
Memory consumption went from 117.3 MB to 117.2 MB.
Total: 12.439500 ms (FindLiveObjects: 0.900000 ms CreateObjectMapping: 1.020700 ms MarkObjects: 10.288400 ms  DeleteObjects: 0.225700 ms)

AssetImportParameters requested are different than current active one (requested -> active):
  custom:video-decoder-ogg-theora: a1e56fd34408186e4bbccfd4996cb3dc -> 
  custom:container-muxer-webm: aa71ff27fc2769a1b78a27578f13a17b -> 
  custom:container-demuxer-webm: 4f35f7cbe854078d1ac9338744f61a02 -> 
  custom:video-encoder-webm-vp8: eb34c28f22e8b96e1ab97ce403110664 -> 
  custom:video-codec-MediaFoundation-h265: 746d11721c4dcdbdad8f713fa42b33f4 -> 
  custom:audio-encoder-webm-vorbis: bf7c407c2cedff20999df2af8eb42d56 -> 
  custom:framework-win-MediaFoundation: 216162199b28c13a410421893ffa2e32 -> 
  custom:container-demuxer-ogg: 62fdf1f143b41e24485cea50d1cbac27 -> 
  custom:video-decoder-webm-vp8: 9c59270c3fd7afecdb556c50c9e8de78 -> 
  custom:audio-decoder-ogg-vorbis: bf7c407c2cedff20999df2af8eb42d56 -> 
========================================================================
Received Import Request.
  Time since last request: 635.480380 seconds.
  path: Assets/Scenes/ARCam.unity
  artifactKey: Guid(5dab9b198c9d5774b98249115d1500ca) Importer(815301076,1909f56bfc062723c751e8b465ee728b)
Start importing Assets/Scenes/ARCam.unity using Guid(5dab9b198c9d5774b98249115d1500ca) Importer(815301076,1909f56bfc062723c751e8b465ee728b)  -> (artifact id: '77118129260fff55d578e513eb146e36') in 0.012782 seconds 
========================================================================
Received Import Request.
  Time since last request: 51.423534 seconds.
  path: Assets/Scenes/UI.unity
  artifactKey: Guid(e64760a8749cb2041b6e00b426f182c8) Importer(815301076,1909f56bfc062723c751e8b465ee728b)
Start importing Assets/Scenes/UI.unity using Guid(e64760a8749cb2041b6e00b426f182c8) Importer(815301076,1909f56bfc062723c751e8b465ee728b)  -> (artifact id: '2af8b82150c7f090d3abc5e4bc8016a3') in 0.002436 seconds 
========================================================================
Received Import Request.
  Time since last request: 10.035352 seconds.
  path: Assets/Scenes/ARCam.unity
  artifactKey: Guid(5dab9b198c9d5774b98249115d1500ca) Importer(815301076,1909f56bfc062723c751e8b465ee728b)
Start importing Assets/Scenes/ARCam.unity using Guid(5dab9b198c9d5774b98249115d1500ca) Importer(815301076,1909f56bfc062723c751e8b465ee728b)  -> (artifact id: 'a1db2e62878841b84f1f66192b02ed72') in 0.005897 seconds 
========================================================================
Received Prepare
Registering precompiled user dll's ...
Registered in 0.016313 seconds.
Begin MonoManager ReloadAssembly
Symbol file LoadedFromMemory doesn't match image D:\SUNIB\B25\SEMESTER 4\MID EXAM\Multimedia\MID EXAM\Library\PackageCache\com.unity.visualscripting@1.8.0\Editor\VisualScripting.Core\Dependencies\YamlDotNet\Unity.VisualScripting.YamlDotNet.dll
Symbol file LoadedFromMemory doesn't match image D:\SUNIB\B25\SEMESTER 4\MID EXAM\Multimedia\MID EXAM\Library\PackageCache\com.unity.visualscripting@1.8.0\Editor\VisualScripting.Core\Dependencies\DotNetZip\Unity.VisualScripting.IonicZip.dll
Native extension for WindowsStandalone target not found
Native extension for iOS target not found
Native extension for Android target not found
Refreshing native plugins compatible for Editor in 1.74 ms, found 6 plugins.
Preloading 2 native plugins for Editor in 0.15 ms.
Mono: successfully reloaded assembly
- Completed reload, in  3.921 seconds
Domain Reload Profiling:
	ReloadAssembly (3923ms)
		BeginReloadAssembly (426ms)
			ExecutionOrderSort (0ms)
			DisableScriptedObjects (18ms)
			BackupInstance (0ms)
			ReleaseScriptingObjects (0ms)
			CreateAndSetChildDomain (99ms)
		EndReloadAssembly (3169ms)
			LoadAssemblies (311ms)
			RebuildTransferFunctionScriptingTraits (0ms)
			SetupTypeCache (956ms)
			ReleaseScriptCaches (4ms)
			RebuildScriptCaches (159ms)
			SetupLoadedEditorAssemblies (1537ms)
				LogAssemblyErrors (0ms)
				InitializePlatformSupportModulesInManaged (124ms)
				SetLoadedEditorAssemblies (7ms)
				RefreshPlugins (2ms)
				BeforeProcessingInitializeOnLoad (468ms)
				ProcessInitializeOnLoadAttributes (821ms)
				ProcessInitializeOnLoadMethodAttributes (92ms)
				AfterProcessingInitializeOnLoad (22ms)
				EditorAssembliesLoaded (1ms)
			ExecutionOrderSort2 (0ms)
			AwakeInstancesAfterBackupRestoration (29ms)
Platform modules already initialized, skipping
Refreshing native plugins compatible for Editor in 17.38 ms, found 6 plugins.
Preloading 2 native plugins for Editor in 0.14 ms.
Unloading 3077 Unused Serialized files (Serialized files now loaded: 0)
Unloading 40 unused Assets / (91.6 KB). Loaded Objects now: 3886.
Memory consumption went from 117.3 MB to 117.2 MB.
Total: 6.341000 ms (FindLiveObjects: 0.397800 ms CreateObjectMapping: 0.241600 ms MarkObjects: 5.246200 ms  DeleteObjects: 0.451500 ms)

AssetImportParameters requested are different than current active one (requested -> active):
  custom:video-decoder-ogg-theora: a1e56fd34408186e4bbccfd4996cb3dc -> 
  custom:container-muxer-webm: aa71ff27fc2769a1b78a27578f13a17b -> 
  custom:container-demuxer-webm: 4f35f7cbe854078d1ac9338744f61a02 -> 
  custom:video-encoder-webm-vp8: eb34c28f22e8b96e1ab97ce403110664 -> 
  custom:video-codec-MediaFoundation-h265: 746d11721c4dcdbdad8f713fa42b33f4 -> 
  custom:audio-encoder-webm-vorbis: bf7c407c2cedff20999df2af8eb42d56 -> 
  custom:framework-win-MediaFoundation: 216162199b28c13a410421893ffa2e32 -> 
  custom:container-demuxer-ogg: 62fdf1f143b41e24485cea50d1cbac27 -> 
  custom:video-decoder-webm-vp8: 9c59270c3fd7afecdb556c50c9e8de78 -> 
  custom:audio-decoder-ogg-vorbis: bf7c407c2cedff20999df2af8eb42d56 -> 
========================================================================
Received Import Request.
  Time since last request: 475.247220 seconds.
  path: Assets/Resources/UI Files/Group 4.png
  artifactKey: Guid(037c1fa333c218b4d97aeabde4fa8fe9) Importer(815301076,1909f56bfc062723c751e8b465ee728b)
Start importing Assets/Resources/UI Files/Group 4.png using Guid(037c1fa333c218b4d97aeabde4fa8fe9) Importer(815301076,1909f56bfc062723c751e8b465ee728b)  -> (artifact id: 'f6121228d9771742e48d0b62c7d1376e') in 0.083687 seconds 
========================================================================
Received Import Request.
  Time since last request: 8.203173 seconds.
  path: Assets/Resources/UI Files/Group 4.png
  artifactKey: Guid(037c1fa333c218b4d97aeabde4fa8fe9) Importer(815301076,1909f56bfc062723c751e8b465ee728b)
Start importing Assets/Resources/UI Files/Group 4.png using Guid(037c1fa333c218b4d97aeabde4fa8fe9) Importer(815301076,1909f56bfc062723c751e8b465ee728b)  -> (artifact id: '32194962e976d0c2485f54f99b7fccb3') in 0.034400 seconds 
========================================================================
Received Import Request.
  Time since last request: 122.585315 seconds.
  path: Assets/Resources/Engine
  artifactKey: Guid(648b3706adf697e46916a82ace67fe08) Importer(815301076,1909f56bfc062723c751e8b465ee728b)
Start importing Assets/Resources/Engine using Guid(648b3706adf697e46916a82ace67fe08) Importer(815301076,1909f56bfc062723c751e8b465ee728b)  -> (artifact id: 'f956ca7cc079d8514c6af8547ee6652c') in 0.005366 seconds 
========================================================================
Received Import Request.
  Time since last request: 19.150385 seconds.
  path: Assets/Resources/Engine/Porsche GTS 991.2.mp3
  artifactKey: Guid(250bfd74fbf600f41b62bb20e7d3ec3c) Importer(815301076,1909f56bfc062723c751e8b465ee728b)
Start importing Assets/Resources/Engine/Porsche GTS 991.2.mp3 using Guid(250bfd74fbf600f41b62bb20e7d3ec3c) Importer(815301076,1909f56bfc062723c751e8b465ee728b)  -> (artifact id: 'c41241191f703c71adb5cddfbb6cf2f4') in 0.218940 seconds 
========================================================================
Received Prepare
Registering precompiled user dll's ...
Registered in 0.012643 seconds.
Begin MonoManager ReloadAssembly
Symbol file LoadedFromMemory doesn't match image D:\SUNIB\B25\SEMESTER 4\MID EXAM\Multimedia\MID EXAM\Library\PackageCache\com.unity.visualscripting@1.8.0\Editor\VisualScripting.Core\Dependencies\YamlDotNet\Unity.VisualScripting.YamlDotNet.dll
Symbol file LoadedFromMemory doesn't match image D:\SUNIB\B25\SEMESTER 4\MID EXAM\Multimedia\MID EXAM\Library\PackageCache\com.unity.visualscripting@1.8.0\Editor\VisualScripting.Core\Dependencies\DotNetZip\Unity.VisualScripting.IonicZip.dll
Native extension for WindowsStandalone target not found
Native extension for iOS target not found
Native extension for Android target not found
Refreshing native plugins compatible for Editor in 1.07 ms, found 6 plugins.
Preloading 2 native plugins for Editor in 0.11 ms.
Mono: successfully reloaded assembly
- Completed reload, in  3.123 seconds
Domain Reload Profiling:
	ReloadAssembly (3124ms)
		BeginReloadAssembly (432ms)
			ExecutionOrderSort (0ms)
			DisableScriptedObjects (17ms)
			BackupInstance (0ms)
			ReleaseScriptingObjects (0ms)
			CreateAndSetChildDomain (109ms)
		EndReloadAssembly (2400ms)
			LoadAssemblies (284ms)
			RebuildTransferFunctionScriptingTraits (0ms)
			SetupTypeCache (847ms)
			ReleaseScriptCaches (5ms)
			RebuildScriptCaches (135ms)
			SetupLoadedEditorAssemblies (1044ms)
				LogAssemblyErrors (0ms)
				InitializePlatformSupportModulesInManaged (87ms)
				SetLoadedEditorAssemblies (2ms)
				RefreshPlugins (1ms)
				BeforeProcessingInitializeOnLoad (153ms)
				ProcessInitializeOnLoadAttributes (708ms)
				ProcessInitializeOnLoadMethodAttributes (75ms)
				AfterProcessingInitializeOnLoad (19ms)
				EditorAssembliesLoaded (0ms)
			ExecutionOrderSort2 (0ms)
			AwakeInstancesAfterBackupRestoration (19ms)
Platform modules already initialized, skipping
Refreshing native plugins compatible for Editor in 16.07 ms, found 6 plugins.
Preloading 2 native plugins for Editor in 0.38 ms.
Unloading 3077 Unused Serialized files (Serialized files now loaded: 0)
Unloading 40 unused Assets / (90.7 KB). Loaded Objects now: 3900.
Memory consumption went from 117.4 MB to 117.3 MB.
Total: 11.504100 ms (FindLiveObjects: 0.454600 ms CreateObjectMapping: 0.384600 ms MarkObjects: 10.486900 ms  DeleteObjects: 0.175300 ms)

AssetImportParameters requested are different than current active one (requested -> active):
  custom:video-decoder-ogg-theora: a1e56fd34408186e4bbccfd4996cb3dc -> 
  custom:container-muxer-webm: aa71ff27fc2769a1b78a27578f13a17b -> 
  custom:container-demuxer-webm: 4f35f7cbe854078d1ac9338744f61a02 -> 
  custom:video-encoder-webm-vp8: eb34c28f22e8b96e1ab97ce403110664 -> 
  custom:video-codec-MediaFoundation-h265: 746d11721c4dcdbdad8f713fa42b33f4 -> 
  custom:audio-encoder-webm-vorbis: bf7c407c2cedff20999df2af8eb42d56 -> 
  custom:framework-win-MediaFoundation: 216162199b28c13a410421893ffa2e32 -> 
  custom:container-demuxer-ogg: 62fdf1f143b41e24485cea50d1cbac27 -> 
  custom:video-decoder-webm-vp8: 9c59270c3fd7afecdb556c50c9e8de78 -> 
  custom:audio-decoder-ogg-vorbis: bf7c407c2cedff20999df2af8eb42d56 -> 
========================================================================
Received Prepare
Registering precompiled user dll's ...
Registered in 0.010718 seconds.
Begin MonoManager ReloadAssembly
Symbol file LoadedFromMemory doesn't match image D:\SUNIB\B25\SEMESTER 4\MID EXAM\Multimedia\MID EXAM\Library\PackageCache\com.unity.visualscripting@1.8.0\Editor\VisualScripting.Core\Dependencies\YamlDotNet\Unity.VisualScripting.YamlDotNet.dll
Symbol file LoadedFromMemory doesn't match image D:\SUNIB\B25\SEMESTER 4\MID EXAM\Multimedia\MID EXAM\Library\PackageCache\com.unity.visualscripting@1.8.0\Editor\VisualScripting.Core\Dependencies\DotNetZip\Unity.VisualScripting.IonicZip.dll
Native extension for WindowsStandalone target not found
Native extension for iOS target not found
Native extension for Android target not found
Refreshing native plugins compatible for Editor in 1.50 ms, found 6 plugins.
Preloading 2 native plugins for Editor in 0.19 ms.
Mono: successfully reloaded assembly
- Completed reload, in  2.579 seconds
Domain Reload Profiling:
	ReloadAssembly (2581ms)
		BeginReloadAssembly (341ms)
			ExecutionOrderSort (0ms)
			DisableScriptedObjects (13ms)
			BackupInstance (0ms)
			ReleaseScriptingObjects (0ms)
			CreateAndSetChildDomain (80ms)
		EndReloadAssembly (1982ms)
			LoadAssemblies (232ms)
			RebuildTransferFunctionScriptingTraits (0ms)
			SetupTypeCache (695ms)
			ReleaseScriptCaches (2ms)
			RebuildScriptCaches (107ms)
			SetupLoadedEditorAssemblies (880ms)
				LogAssemblyErrors (1ms)
				InitializePlatformSupportModulesInManaged (68ms)
				SetLoadedEditorAssemblies (1ms)
				RefreshPlugins (2ms)
				BeforeProcessingInitializeOnLoad (150ms)
				ProcessInitializeOnLoadAttributes (582ms)
				ProcessInitializeOnLoadMethodAttributes (57ms)
				AfterProcessingInitializeOnLoad (18ms)
				EditorAssembliesLoaded (1ms)
			ExecutionOrderSort2 (0ms)
			AwakeInstancesAfterBackupRestoration (26ms)
Platform modules already initialized, skipping
Refreshing native plugins compatible for Editor in 7.79 ms, found 6 plugins.
Preloading 2 native plugins for Editor in 0.13 ms.
Unloading 3077 Unused Serialized files (Serialized files now loaded: 0)
Unloading 40 unused Assets / (90.7 KB). Loaded Objects now: 3903.
Memory consumption went from 117.4 MB to 117.3 MB.
Total: 9.838400 ms (FindLiveObjects: 0.337700 ms CreateObjectMapping: 0.148500 ms MarkObjects: 9.055400 ms  DeleteObjects: 0.293000 ms)

AssetImportParameters requested are different than current active one (requested -> active):
  custom:video-decoder-ogg-theora: a1e56fd34408186e4bbccfd4996cb3dc -> 
  custom:container-muxer-webm: aa71ff27fc2769a1b78a27578f13a17b -> 
  custom:container-demuxer-webm: 4f35f7cbe854078d1ac9338744f61a02 -> 
  custom:video-encoder-webm-vp8: eb34c28f22e8b96e1ab97ce403110664 -> 
  custom:video-codec-MediaFoundation-h265: 746d11721c4dcdbdad8f713fa42b33f4 -> 
  custom:audio-encoder-webm-vorbis: bf7c407c2cedff20999df2af8eb42d56 -> 
  custom:framework-win-MediaFoundation: 216162199b28c13a410421893ffa2e32 -> 
  custom:container-demuxer-ogg: 62fdf1f143b41e24485cea50d1cbac27 -> 
  custom:video-decoder-webm-vp8: 9c59270c3fd7afecdb556c50c9e8de78 -> 
  custom:audio-decoder-ogg-vorbis: bf7c407c2cedff20999df2af8eb42d56 -> 
========================================================================
Received Prepare
Registering precompiled user dll's ...
Registered in 0.011282 seconds.
Begin MonoManager ReloadAssembly
Symbol file LoadedFromMemory doesn't match image D:\SUNIB\B25\SEMESTER 4\MID EXAM\Multimedia\MID EXAM\Library\PackageCache\com.unity.visualscripting@1.8.0\Editor\VisualScripting.Core\Dependencies\YamlDotNet\Unity.VisualScripting.YamlDotNet.dll
Symbol file LoadedFromMemory doesn't match image D:\SUNIB\B25\SEMESTER 4\MID EXAM\Multimedia\MID EXAM\Library\PackageCache\com.unity.visualscripting@1.8.0\Editor\VisualScripting.Core\Dependencies\DotNetZip\Unity.VisualScripting.IonicZip.dll
Native extension for WindowsStandalone target not found
Native extension for iOS target not found
Native extension for Android target not found
Refreshing native plugins compatible for Editor in 2.73 ms, found 6 plugins.
Preloading 2 native plugins for Editor in 0.15 ms.
Mono: successfully reloaded assembly
- Completed reload, in  2.953 seconds
Domain Reload Profiling:
	ReloadAssembly (2956ms)
		BeginReloadAssembly (461ms)
			ExecutionOrderSort (0ms)
			DisableScriptedObjects (20ms)
			BackupInstance (0ms)
			ReleaseScriptingObjects (0ms)
			CreateAndSetChildDomain (113ms)
		EndReloadAssembly (2236ms)
			LoadAssemblies (287ms)
			RebuildTransferFunctionScriptingTraits (0ms)
			SetupTypeCache (672ms)
			ReleaseScriptCaches (3ms)
			RebuildScriptCaches (105ms)
			SetupLoadedEditorAssemblies (1086ms)
				LogAssemblyErrors (0ms)
				InitializePlatformSupportModulesInManaged (102ms)
				SetLoadedEditorAssemblies (1ms)
				RefreshPlugins (3ms)
				BeforeProcessingInitializeOnLoad (187ms)
				ProcessInitializeOnLoadAttributes (695ms)
				ProcessInitializeOnLoadMethodAttributes (79ms)
				AfterProcessingInitializeOnLoad (18ms)
				EditorAssembliesLoaded (0ms)
			ExecutionOrderSort2 (0ms)
			AwakeInstancesAfterBackupRestoration (32ms)
Platform modules already initialized, skipping
Refreshing native plugins compatible for Editor in 9.67 ms, found 6 plugins.
Preloading 2 native plugins for Editor in 0.10 ms.
Unloading 3077 Unused Serialized files (Serialized files now loaded: 0)
Unloading 40 unused Assets / (90.8 KB). Loaded Objects now: 3906.
Memory consumption went from 117.4 MB to 117.3 MB.
Total: 5.652500 ms (FindLiveObjects: 0.399900 ms CreateObjectMapping: 0.389600 ms MarkObjects: 4.689000 ms  DeleteObjects: 0.171700 ms)

AssetImportParameters requested are different than current active one (requested -> active):
  custom:video-decoder-ogg-theora: a1e56fd34408186e4bbccfd4996cb3dc -> 
  custom:container-muxer-webm: aa71ff27fc2769a1b78a27578f13a17b -> 
  custom:container-demuxer-webm: 4f35f7cbe854078d1ac9338744f61a02 -> 
  custom:video-encoder-webm-vp8: eb34c28f22e8b96e1ab97ce403110664 -> 
  custom:video-codec-MediaFoundation-h265: 746d11721c4dcdbdad8f713fa42b33f4 -> 
  custom:audio-encoder-webm-vorbis: bf7c407c2cedff20999df2af8eb42d56 -> 
  custom:framework-win-MediaFoundation: 216162199b28c13a410421893ffa2e32 -> 
  custom:container-demuxer-ogg: 62fdf1f143b41e24485cea50d1cbac27 -> 
  custom:video-decoder-webm-vp8: 9c59270c3fd7afecdb556c50c9e8de78 -> 
  custom:audio-decoder-ogg-vorbis: bf7c407c2cedff20999df2af8eb42d56 -> 
========================================================================
Received Prepare
Registering precompiled user dll's ...
Registered in 0.015613 seconds.
Begin MonoManager ReloadAssembly
Symbol file LoadedFromMemory doesn't match image D:\SUNIB\B25\SEMESTER 4\MID EXAM\Multimedia\MID EXAM\Library\PackageCache\com.unity.visualscripting@1.8.0\Editor\VisualScripting.Core\Dependencies\YamlDotNet\Unity.VisualScripting.YamlDotNet.dll
Symbol file LoadedFromMemory doesn't match image D:\SUNIB\B25\SEMESTER 4\MID EXAM\Multimedia\MID EXAM\Library\PackageCache\com.unity.visualscripting@1.8.0\Editor\VisualScripting.Core\Dependencies\DotNetZip\Unity.VisualScripting.IonicZip.dll
Native extension for WindowsStandalone target not found
Native extension for iOS target not found
Native extension for Android target not found
Refreshing native plugins compatible for Editor in 2.42 ms, found 6 plugins.
Preloading 2 native plugins for Editor in 0.17 ms.
Mono: successfully reloaded assembly
- Completed reload, in  2.959 seconds
Domain Reload Profiling:
	ReloadAssembly (2961ms)
		BeginReloadAssembly (458ms)
			ExecutionOrderSort (0ms)
			DisableScriptedObjects (36ms)
			BackupInstance (0ms)
			ReleaseScriptingObjects (0ms)
			CreateAndSetChildDomain (114ms)
		EndReloadAssembly (2236ms)
			LoadAssemblies (269ms)
			RebuildTransferFunctionScriptingTraits (0ms)
			SetupTypeCache (739ms)
			ReleaseScriptCaches (3ms)
			RebuildScriptCaches (119ms)
			SetupLoadedEditorAssemblies (1030ms)
				LogAssemblyErrors (0ms)
				InitializePlatformSupportModulesInManaged (76ms)
				SetLoadedEditorAssemblies (2ms)
				RefreshPlugins (3ms)
				BeforeProcessingInitializeOnLoad (175ms)
				ProcessInitializeOnLoadAttributes (686ms)
				ProcessInitializeOnLoadMethodAttributes (69ms)
				AfterProcessingInitializeOnLoad (18ms)
				EditorAssembliesLoaded (1ms)
			ExecutionOrderSort2 (0ms)
			AwakeInstancesAfterBackupRestoration (24ms)
Platform modules already initialized, skipping
Refreshing native plugins compatible for Editor in 32.31 ms, found 6 plugins.
Preloading 2 native plugins for Editor in 0.52 ms.
Unloading 3077 Unused Serialized files (Serialized files now loaded: 0)
Unloading 40 unused Assets / (90.8 KB). Loaded Objects now: 3909.
Memory consumption went from 117.4 MB to 117.4 MB.
Total: 6.612100 ms (FindLiveObjects: 0.577400 ms CreateObjectMapping: 0.458600 ms MarkObjects: 5.310300 ms  DeleteObjects: 0.263100 ms)

AssetImportParameters requested are different than current active one (requested -> active):
  custom:video-decoder-ogg-theora: a1e56fd34408186e4bbccfd4996cb3dc -> 
  custom:container-muxer-webm: aa71ff27fc2769a1b78a27578f13a17b -> 
  custom:container-demuxer-webm: 4f35f7cbe854078d1ac9338744f61a02 -> 
  custom:video-encoder-webm-vp8: eb34c28f22e8b96e1ab97ce403110664 -> 
  custom:video-codec-MediaFoundation-h265: 746d11721c4dcdbdad8f713fa42b33f4 -> 
  custom:audio-encoder-webm-vorbis: bf7c407c2cedff20999df2af8eb42d56 -> 
  custom:framework-win-MediaFoundation: 216162199b28c13a410421893ffa2e32 -> 
  custom:container-demuxer-ogg: 62fdf1f143b41e24485cea50d1cbac27 -> 
  custom:video-decoder-webm-vp8: 9c59270c3fd7afecdb556c50c9e8de78 -> 
  custom:audio-decoder-ogg-vorbis: bf7c407c2cedff20999df2af8eb42d56 -> 
========================================================================
Received Prepare
Registering precompiled user dll's ...
Registered in 0.014621 seconds.
Begin MonoManager ReloadAssembly
Symbol file LoadedFromMemory doesn't match image D:\SUNIB\B25\SEMESTER 4\MID EXAM\Multimedia\MID EXAM\Library\PackageCache\com.unity.visualscripting@1.8.0\Editor\VisualScripting.Core\Dependencies\YamlDotNet\Unity.VisualScripting.YamlDotNet.dll
Symbol file LoadedFromMemory doesn't match image D:\SUNIB\B25\SEMESTER 4\MID EXAM\Multimedia\MID EXAM\Library\PackageCache\com.unity.visualscripting@1.8.0\Editor\VisualScripting.Core\Dependencies\DotNetZip\Unity.VisualScripting.IonicZip.dll
Native extension for WindowsStandalone target not found
Native extension for iOS target not found
Native extension for Android target not found
Refreshing native plugins compatible for Editor in 2.45 ms, found 6 plugins.
Preloading 2 native plugins for Editor in 0.16 ms.
Mono: successfully reloaded assembly
- Completed reload, in  3.441 seconds
Domain Reload Profiling:
	ReloadAssembly (3445ms)
		BeginReloadAssembly (390ms)
			ExecutionOrderSort (0ms)
			DisableScriptedObjects (20ms)
			BackupInstance (0ms)
			ReleaseScriptingObjects (0ms)
			CreateAndSetChildDomain (86ms)
		EndReloadAssembly (2651ms)
			LoadAssemblies (302ms)
			RebuildTransferFunctionScriptingTraits (0ms)
			SetupTypeCache (910ms)
			ReleaseScriptCaches (4ms)
			RebuildScriptCaches (177ms)
			SetupLoadedEditorAssemblies (1089ms)
				LogAssemblyErrors (0ms)
				InitializePlatformSupportModulesInManaged (80ms)
				SetLoadedEditorAssemblies (4ms)
				RefreshPlugins (3ms)
				BeforeProcessingInitializeOnLoad (214ms)
				ProcessInitializeOnLoadAttributes (684ms)
				ProcessInitializeOnLoadMethodAttributes (73ms)
				AfterProcessingInitializeOnLoad (29ms)
				EditorAssembliesLoaded (2ms)
			ExecutionOrderSort2 (0ms)
			AwakeInstancesAfterBackupRestoration (53ms)
Platform modules already initialized, skipping
Refreshing native plugins compatible for Editor in 8.58 ms, found 6 plugins.
Preloading 2 native plugins for Editor in 0.10 ms.
Unloading 3077 Unused Serialized files (Serialized files now loaded: 0)
Unloading 40 unused Assets / (90.8 KB). Loaded Objects now: 3912.
Memory consumption went from 117.4 MB to 117.4 MB.
Total: 8.174000 ms (FindLiveObjects: 0.755900 ms CreateObjectMapping: 0.335200 ms MarkObjects: 6.898200 ms  DeleteObjects: 0.181900 ms)

AssetImportParameters requested are different than current active one (requested -> active):
  custom:video-decoder-ogg-theora: a1e56fd34408186e4bbccfd4996cb3dc -> 
  custom:container-muxer-webm: aa71ff27fc2769a1b78a27578f13a17b -> 
  custom:container-demuxer-webm: 4f35f7cbe854078d1ac9338744f61a02 -> 
  custom:video-encoder-webm-vp8: eb34c28f22e8b96e1ab97ce403110664 -> 
  custom:video-codec-MediaFoundation-h265: 746d11721c4dcdbdad8f713fa42b33f4 -> 
  custom:audio-encoder-webm-vorbis: bf7c407c2cedff20999df2af8eb42d56 -> 
  custom:framework-win-MediaFoundation: 216162199b28c13a410421893ffa2e32 -> 
  custom:container-demuxer-ogg: 62fdf1f143b41e24485cea50d1cbac27 -> 
  custom:video-decoder-webm-vp8: 9c59270c3fd7afecdb556c50c9e8de78 -> 
  custom:audio-decoder-ogg-vorbis: bf7c407c2cedff20999df2af8eb42d56 -> 
========================================================================
Received Prepare
Registering precompiled user dll's ...
Registered in 0.010421 seconds.
Begin MonoManager ReloadAssembly
Symbol file LoadedFromMemory doesn't match image D:\SUNIB\B25\SEMESTER 4\MID EXAM\Multimedia\MID EXAM\Library\PackageCache\com.unity.visualscripting@1.8.0\Editor\VisualScripting.Core\Dependencies\YamlDotNet\Unity.VisualScripting.YamlDotNet.dll
Symbol file LoadedFromMemory doesn't match image D:\SUNIB\B25\SEMESTER 4\MID EXAM\Multimedia\MID EXAM\Library\PackageCache\com.unity.visualscripting@1.8.0\Editor\VisualScripting.Core\Dependencies\DotNetZip\Unity.VisualScripting.IonicZip.dll
Native extension for WindowsStandalone target not found
Native extension for iOS target not found
Native extension for Android target not found
Refreshing native plugins compatible for Editor in 1.50 ms, found 6 plugins.
Preloading 2 native plugins for Editor in 0.16 ms.
Mono: successfully reloaded assembly
- Completed reload, in  3.248 seconds
Domain Reload Profiling:
	ReloadAssembly (3250ms)
		BeginReloadAssembly (416ms)
			ExecutionOrderSort (0ms)
			DisableScriptedObjects (29ms)
			BackupInstance (0ms)
			ReleaseScriptingObjects (0ms)
			CreateAndSetChildDomain (115ms)
		EndReloadAssembly (2543ms)
			LoadAssemblies (243ms)
			RebuildTransferFunctionScriptingTraits (0ms)
			SetupTypeCache (771ms)
			ReleaseScriptCaches (3ms)
			RebuildScriptCaches (111ms)
			SetupLoadedEditorAssemblies (1315ms)
				LogAssemblyErrors (0ms)
				InitializePlatformSupportModulesInManaged (69ms)
				SetLoadedEditorAssemblies (1ms)
				RefreshPlugins (2ms)
				BeforeProcessingInitializeOnLoad (176ms)
				ProcessInitializeOnLoadAttributes (972ms)
				ProcessInitializeOnLoadMethodAttributes (76ms)
				AfterProcessingInitializeOnLoad (19ms)
				EditorAssembliesLoaded (1ms)
			ExecutionOrderSort2 (0ms)
			AwakeInstancesAfterBackupRestoration (37ms)
Platform modules already initialized, skipping
Refreshing native plugins compatible for Editor in 6.85 ms, found 6 plugins.
Preloading 2 native plugins for Editor in 0.09 ms.
Unloading 3077 Unused Serialized files (Serialized files now loaded: 0)
Unloading 40 unused Assets / (90.9 KB). Loaded Objects now: 3915.
Memory consumption went from 117.5 MB to 117.4 MB.
Total: 6.050900 ms (FindLiveObjects: 0.422300 ms CreateObjectMapping: 0.162900 ms MarkObjects: 5.227400 ms  DeleteObjects: 0.235000 ms)

AssetImportParameters requested are different than current active one (requested -> active):
  custom:video-decoder-ogg-theora: a1e56fd34408186e4bbccfd4996cb3dc -> 
  custom:container-muxer-webm: aa71ff27fc2769a1b78a27578f13a17b -> 
  custom:container-demuxer-webm: 4f35f7cbe854078d1ac9338744f61a02 -> 
  custom:video-encoder-webm-vp8: eb34c28f22e8b96e1ab97ce403110664 -> 
  custom:video-codec-MediaFoundation-h265: 746d11721c4dcdbdad8f713fa42b33f4 -> 
  custom:audio-encoder-webm-vorbis: bf7c407c2cedff20999df2af8eb42d56 -> 
  custom:framework-win-MediaFoundation: 216162199b28c13a410421893ffa2e32 -> 
  custom:container-demuxer-ogg: 62fdf1f143b41e24485cea50d1cbac27 -> 
  custom:video-decoder-webm-vp8: 9c59270c3fd7afecdb556c50c9e8de78 -> 
  custom:audio-decoder-ogg-vorbis: bf7c407c2cedff20999df2af8eb42d56 -> 
========================================================================
Received Import Request.
  Time since last request: 337.179345 seconds.
  path: Assets/Scenes/ARCam.unity
  artifactKey: Guid(5dab9b198c9d5774b98249115d1500ca) Importer(815301076,1909f56bfc062723c751e8b465ee728b)
Start importing Assets/Scenes/ARCam.unity using Guid(5dab9b198c9d5774b98249115d1500ca) Importer(815301076,1909f56bfc062723c751e8b465ee728b)  -> (artifact id: '67f8e8a0674dd2e8907141e60c05ada4') in 0.020547 seconds 
========================================================================
Received Import Request.
  Time since last request: 727.570450 seconds.
  path: Assets/Resources/3D Objects/Carrera GT.fbx
  artifactKey: Guid(0f9ed599754714f4aa832f4f58261d12) Importer(815301076,1909f56bfc062723c751e8b465ee728b)
Start importing Assets/Resources/3D Objects/Carrera GT.fbx using Guid(0f9ed599754714f4aa832f4f58261d12) Importer(815301076,1909f56bfc062723c751e8b465ee728b)  -> (artifact id: 'd8877fdf01098956d623afa376fb0a7b') in 0.432419 seconds 
========================================================================
Received Import Request.
  Time since last request: 338.582555 seconds.
  path: Assets/Resources/3D Objects/New Prefab.prefab
  artifactKey: Guid(8bc69ece3a34185488f31bc39e5cc6f5) Importer(815301076,1909f56bfc062723c751e8b465ee728b)
Start importing Assets/Resources/3D Objects/New Prefab.prefab using Guid(8bc69ece3a34185488f31bc39e5cc6f5) Importer(815301076,1909f56bfc062723c751e8b465ee728b)  -> (artifact id: '1381c1e21296d2a369664c210326106e') in 0.013376 seconds 
========================================================================
Received Import Request.
  Time since last request: 41.833007 seconds.
  path: Assets/Resources/3D Objects/New Prefab.prefab
  artifactKey: Guid(8bc69ece3a34185488f31bc39e5cc6f5) Importer(815301076,1909f56bfc062723c751e8b465ee728b)
Start importing Assets/Resources/3D Objects/New Prefab.prefab using Guid(8bc69ece3a34185488f31bc39e5cc6f5) Importer(815301076,1909f56bfc062723c751e8b465ee728b)  -> (artifact id: 'd7445b6b68715a785be4b9336a0cad1c') in 0.006138 seconds 
========================================================================
Received Import Request.
  Time since last request: 8.786781 seconds.
  path: Assets/Resources/3D Objects/Carrera GT.prefab
  artifactKey: Guid(8bc69ece3a34185488f31bc39e5cc6f5) Importer(815301076,1909f56bfc062723c751e8b465ee728b)
Start importing Assets/Resources/3D Objects/Carrera GT.prefab using Guid(8bc69ece3a34185488f31bc39e5cc6f5) Importer(815301076,1909f56bfc062723c751e8b465ee728b)  -> (artifact id: '5216595d6cc84816412daf844726a8d0') in 0.006297 seconds 
========================================================================
Received Import Request.
  Time since last request: 166.011262 seconds.
  path: Assets/Resources/3D Objects/Carrera GT FIX.fbx
  artifactKey: Guid(df226559ec9310c46926a4d7be6e3e1c) Importer(815301076,1909f56bfc062723c751e8b465ee728b)
Start importing Assets/Resources/3D Objects/Carrera GT FIX.fbx using Guid(df226559ec9310c46926a4d7be6e3e1c) Importer(815301076,1909f56bfc062723c751e8b465ee728b)  -> (artifact id: '85b071d91fb3a77d8ea9150297d3f699') in 0.226927 seconds 
========================================================================
Received Import Request.
  Time since last request: 472.000579 seconds.
  path: Assets/StreamingAssets/Vuforia
  artifactKey: Guid(eab28fbba74990244b40f30d8e190ead) Importer(815301076,1909f56bfc062723c751e8b465ee728b)
Start importing Assets/StreamingAssets/Vuforia using Guid(eab28fbba74990244b40f30d8e190ead) Importer(815301076,1909f56bfc062723c751e8b465ee728b)  -> (artifact id: '4945367cd6aa95279e0679058bced54d') in 0.002254 seconds 
========================================================================
Received Import Request.
  Time since last request: 1.127590 seconds.
  path: Assets/StreamingAssets/Vuforia/Multimedia_Mid_Exam.dat
  artifactKey: Guid(a803c24eecb24d6b87832e1d43659da1) Importer(815301076,1909f56bfc062723c751e8b465ee728b)
Start importing Assets/StreamingAssets/Vuforia/Multimedia_Mid_Exam.dat using Guid(a803c24eecb24d6b87832e1d43659da1) Importer(815301076,1909f56bfc062723c751e8b465ee728b)  -> (artifact id: '2bba28f8a9b04c1b744210dd9322eabe') in 0.040967 seconds 
========================================================================
Received Import Request.
  Time since last request: 335.538657 seconds.
  path: Assets/Resources/Engine/Porsche Carrera GT.mp3
  artifactKey: Guid(da0b747ac7743bb4d943d5f3ca712e62) Importer(815301076,1909f56bfc062723c751e8b465ee728b)
Start importing Assets/Resources/Engine/Porsche Carrera GT.mp3 using Guid(da0b747ac7743bb4d943d5f3ca712e62) Importer(815301076,1909f56bfc062723c751e8b465ee728b)  -> (artifact id: 'bdbbdd74264ef6dd33af429257954e69') in 0.024373 seconds 
========================================================================
Received Prepare
Registering precompiled user dll's ...
Registered in 0.013780 seconds.
Begin MonoManager ReloadAssembly
Symbol file LoadedFromMemory doesn't match image D:\SUNIB\B25\SEMESTER 4\MID EXAM\Multimedia\MID EXAM\Library\PackageCache\com.unity.visualscripting@1.8.0\Editor\VisualScripting.Core\Dependencies\YamlDotNet\Unity.VisualScripting.YamlDotNet.dll
Symbol file LoadedFromMemory doesn't match image D:\SUNIB\B25\SEMESTER 4\MID EXAM\Multimedia\MID EXAM\Library\PackageCache\com.unity.visualscripting@1.8.0\Editor\VisualScripting.Core\Dependencies\DotNetZip\Unity.VisualScripting.IonicZip.dll
Native extension for WindowsStandalone target not found
Native extension for iOS target not found
Native extension for Android target not found
Refreshing native plugins compatible for Editor in 3.26 ms, found 6 plugins.
Preloading 2 native plugins for Editor in 0.42 ms.
Mono: successfully reloaded assembly
- Completed reload, in  3.253 seconds
Domain Reload Profiling:
	ReloadAssembly (3256ms)
		BeginReloadAssembly (541ms)
			ExecutionOrderSort (0ms)
			DisableScriptedObjects (19ms)
			BackupInstance (0ms)
			ReleaseScriptingObjects (0ms)
			CreateAndSetChildDomain (221ms)
		EndReloadAssembly (2475ms)
			LoadAssemblies (264ms)
			RebuildTransferFunctionScriptingTraits (0ms)
			SetupTypeCache (826ms)
			ReleaseScriptCaches (5ms)
			RebuildScriptCaches (168ms)
			SetupLoadedEditorAssemblies (1078ms)
				LogAssemblyErrors (0ms)
				InitializePlatformSupportModulesInManaged (97ms)
				SetLoadedEditorAssemblies (2ms)
				RefreshPlugins (4ms)
				BeforeProcessingInitializeOnLoad (204ms)
				ProcessInitializeOnLoadAttributes (713ms)
				ProcessInitializeOnLoadMethodAttributes (47ms)
				AfterProcessingInitializeOnLoad (11ms)
				EditorAssembliesLoaded (0ms)
			ExecutionOrderSort2 (0ms)
			AwakeInstancesAfterBackupRestoration (18ms)
Platform modules already initialized, skipping
Refreshing native plugins compatible for Editor in 7.81 ms, found 6 plugins.
Preloading 2 native plugins for Editor in 0.08 ms.
Unloading 3077 Unused Serialized files (Serialized files now loaded: 0)
Unloading 40 unused Assets / (90.7 KB). Loaded Objects now: 3954.
Memory consumption went from 117.9 MB to 117.8 MB.
Total: 5.033600 ms (FindLiveObjects: 0.592500 ms CreateObjectMapping: 0.343000 ms MarkObjects: 3.970200 ms  DeleteObjects: 0.126200 ms)

AssetImportParameters requested are different than current active one (requested -> active):
  custom:video-decoder-ogg-theora: a1e56fd34408186e4bbccfd4996cb3dc -> 
  custom:container-muxer-webm: aa71ff27fc2769a1b78a27578f13a17b -> 
  custom:container-demuxer-webm: 4f35f7cbe854078d1ac9338744f61a02 -> 
  custom:video-encoder-webm-vp8: eb34c28f22e8b96e1ab97ce403110664 -> 
  custom:video-codec-MediaFoundation-h265: 746d11721c4dcdbdad8f713fa42b33f4 -> 
  custom:audio-encoder-webm-vorbis: bf7c407c2cedff20999df2af8eb42d56 -> 
  custom:framework-win-MediaFoundation: 216162199b28c13a410421893ffa2e32 -> 
  custom:container-demuxer-ogg: 62fdf1f143b41e24485cea50d1cbac27 -> 
  custom:video-decoder-webm-vp8: 9c59270c3fd7afecdb556c50c9e8de78 -> 
  custom:audio-decoder-ogg-vorbis: bf7c407c2cedff20999df2af8eb42d56 -> 
========================================================================
Received Prepare
Refreshing native plugins compatible for Editor in 24.92 ms, found 6 plugins.
Preloading 2 native plugins for Editor in 0.11 ms.
Unloading 41 Unused Serialized files (Serialized files now loaded: 0)
Unloading 40 unused Assets / (88.1 KB). Loaded Objects now: 3955.
Memory consumption went from 57.1 MB to 57.1 MB.
Total: 14.261200 ms (FindLiveObjects: 0.510200 ms CreateObjectMapping: 0.380700 ms MarkObjects: 12.986600 ms  DeleteObjects: 0.381100 ms)

AssetImportParameters requested are different than current active one (requested -> active):
  custom:video-decoder-ogg-theora: a1e56fd34408186e4bbccfd4996cb3dc -> 
  custom:container-muxer-webm: aa71ff27fc2769a1b78a27578f13a17b -> 
  custom:container-demuxer-webm: 4f35f7cbe854078d1ac9338744f61a02 -> 
  custom:video-encoder-webm-vp8: eb34c28f22e8b96e1ab97ce403110664 -> 
  custom:video-codec-MediaFoundation-h265: 746d11721c4dcdbdad8f713fa42b33f4 -> 
  custom:audio-encoder-webm-vorbis: bf7c407c2cedff20999df2af8eb42d56 -> 
  custom:framework-win-MediaFoundation: 216162199b28c13a410421893ffa2e32 -> 
  custom:container-demuxer-ogg: 62fdf1f143b41e24485cea50d1cbac27 -> 
  custom:video-decoder-webm-vp8: 9c59270c3fd7afecdb556c50c9e8de78 -> 
  custom:audio-decoder-ogg-vorbis: bf7c407c2cedff20999df2af8eb42d56 -> 
========================================================================
Received Prepare
Registering precompiled user dll's ...
Registered in 0.008307 seconds.
Begin MonoManager ReloadAssembly
Symbol file LoadedFromMemory doesn't match image D:\SUNIB\B25\SEMESTER 4\MID EXAM\Multimedia\MID EXAM\Library\PackageCache\com.unity.visualscripting@1.8.0\Editor\VisualScripting.Core\Dependencies\YamlDotNet\Unity.VisualScripting.YamlDotNet.dll
Symbol file LoadedFromMemory doesn't match image D:\SUNIB\B25\SEMESTER 4\MID EXAM\Multimedia\MID EXAM\Library\PackageCache\com.unity.visualscripting@1.8.0\Editor\VisualScripting.Core\Dependencies\DotNetZip\Unity.VisualScripting.IonicZip.dll
Native extension for WindowsStandalone target not found
Native extension for iOS target not found
Native extension for Android target not found
Refreshing native plugins compatible for Editor in 1.34 ms, found 6 plugins.
Preloading 2 native plugins for Editor in 0.11 ms.
Mono: successfully reloaded assembly
- Completed reload, in  2.437 seconds
Domain Reload Profiling:
	ReloadAssembly (2441ms)
		BeginReloadAssembly (413ms)
			ExecutionOrderSort (0ms)
			DisableScriptedObjects (10ms)
			BackupInstance (0ms)
			ReleaseScriptingObjects (0ms)
			CreateAndSetChildDomain (89ms)
		EndReloadAssembly (1774ms)
			LoadAssemblies (292ms)
			RebuildTransferFunctionScriptingTraits (0ms)
			SetupTypeCache (779ms)
			ReleaseScriptCaches (2ms)
			RebuildScriptCaches (88ms)
			SetupLoadedEditorAssemblies (639ms)
				LogAssemblyErrors (0ms)
				InitializePlatformSupportModulesInManaged (51ms)
				SetLoadedEditorAssemblies (0ms)
				RefreshPlugins (2ms)
				BeforeProcessingInitializeOnLoad (91ms)
				ProcessInitializeOnLoadAttributes (409ms)
				ProcessInitializeOnLoadMethodAttributes (71ms)
				AfterProcessingInitializeOnLoad (14ms)
				EditorAssembliesLoaded (1ms)
			ExecutionOrderSort2 (0ms)
			AwakeInstancesAfterBackupRestoration (37ms)
Platform modules already initialized, skipping
Refreshing native plugins compatible for Editor in 6.40 ms, found 6 plugins.
Preloading 2 native plugins for Editor in 0.08 ms.
Unloading 3077 Unused Serialized files (Serialized files now loaded: 0)
Unloading 41 unused Assets / (91.8 KB). Loaded Objects now: 3957.
Memory consumption went from 117.9 MB to 117.8 MB.
Total: 4.502100 ms (FindLiveObjects: 0.259200 ms CreateObjectMapping: 0.107700 ms MarkObjects: 3.972200 ms  DeleteObjects: 0.161100 ms)

AssetImportParameters requested are different than current active one (requested -> active):
  custom:video-decoder-ogg-theora: a1e56fd34408186e4bbccfd4996cb3dc -> 
  custom:container-muxer-webm: aa71ff27fc2769a1b78a27578f13a17b -> 
  custom:container-demuxer-webm: 4f35f7cbe854078d1ac9338744f61a02 -> 
  custom:video-encoder-webm-vp8: eb34c28f22e8b96e1ab97ce403110664 -> 
  custom:video-codec-MediaFoundation-h265: 746d11721c4dcdbdad8f713fa42b33f4 -> 
  custom:audio-encoder-webm-vorbis: bf7c407c2cedff20999df2af8eb42d56 -> 
  custom:framework-win-MediaFoundation: 216162199b28c13a410421893ffa2e32 -> 
  custom:container-demuxer-ogg: 62fdf1f143b41e24485cea50d1cbac27 -> 
  custom:video-decoder-webm-vp8: 9c59270c3fd7afecdb556c50c9e8de78 -> 
  custom:audio-decoder-ogg-vorbis: bf7c407c2cedff20999df2af8eb42d56 -> 
========================================================================
Received Import Request.
  Time since last request: 586.598155 seconds.
  path: Assets/Scenes/ARCam.unity
  artifactKey: Guid(5dab9b198c9d5774b98249115d1500ca) Importer(815301076,1909f56bfc062723c751e8b465ee728b)
Start importing Assets/Scenes/ARCam.unity using Guid(5dab9b198c9d5774b98249115d1500ca) Importer(815301076,1909f56bfc062723c751e8b465ee728b)  -> (artifact id: '2f7946d58da462fcf157ecabc810a174') in 0.017525 seconds 
========================================================================
Received Import Request.
  Time since last request: 128.663832 seconds.
  path: Assets/Scenes/UI.unity
  artifactKey: Guid(e64760a8749cb2041b6e00b426f182c8) Importer(815301076,1909f56bfc062723c751e8b465ee728b)
Start importing Assets/Scenes/UI.unity using Guid(e64760a8749cb2041b6e00b426f182c8) Importer(815301076,1909f56bfc062723c751e8b465ee728b)  -> (artifact id: 'd66b71f5632fa6c93ce41449cdb3404e') in 0.002401 seconds 
========================================================================
Received Prepare
Registering precompiled user dll's ...
Registered in 0.013068 seconds.
Begin MonoManager ReloadAssembly
Symbol file LoadedFromMemory doesn't match image D:\SUNIB\B25\SEMESTER 4\MID EXAM\Multimedia\MID EXAM\Library\PackageCache\com.unity.visualscripting@1.8.0\Editor\VisualScripting.Core\Dependencies\YamlDotNet\Unity.VisualScripting.YamlDotNet.dll
Symbol file LoadedFromMemory doesn't match image D:\SUNIB\B25\SEMESTER 4\MID EXAM\Multimedia\MID EXAM\Library\PackageCache\com.unity.visualscripting@1.8.0\Editor\VisualScripting.Core\Dependencies\DotNetZip\Unity.VisualScripting.IonicZip.dll
Native extension for WindowsStandalone target not found
Native extension for iOS target not found
Native extension for Android target not found
Refreshing native plugins compatible for Editor in 3.04 ms, found 6 plugins.
Preloading 2 native plugins for Editor in 0.14 ms.
Mono: successfully reloaded assembly
- Completed reload, in  4.195 seconds
Domain Reload Profiling:
	ReloadAssembly (4199ms)
		BeginReloadAssembly (450ms)
			ExecutionOrderSort (0ms)
			DisableScriptedObjects (26ms)
			BackupInstance (0ms)
			ReleaseScriptingObjects (0ms)
			CreateAndSetChildDomain (99ms)
		EndReloadAssembly (3392ms)
			LoadAssemblies (296ms)
			RebuildTransferFunctionScriptingTraits (0ms)
			SetupTypeCache (1126ms)
			ReleaseScriptCaches (11ms)
			RebuildScriptCaches (180ms)
			SetupLoadedEditorAssemblies (1523ms)
				LogAssemblyErrors (0ms)
				InitializePlatformSupportModulesInManaged (148ms)
				SetLoadedEditorAssemblies (2ms)
				RefreshPlugins (3ms)
				BeforeProcessingInitializeOnLoad (267ms)
				ProcessInitializeOnLoadAttributes (974ms)
				ProcessInitializeOnLoadMethodAttributes (111ms)
				AfterProcessingInitializeOnLoad (17ms)
				EditorAssembliesLoaded (1ms)
			ExecutionOrderSort2 (0ms)
			AwakeInstancesAfterBackupRestoration (32ms)
Platform modules already initialized, skipping
Refreshing native plugins compatible for Editor in 14.64 ms, found 6 plugins.
Preloading 2 native plugins for Editor in 0.13 ms.
Unloading 3077 Unused Serialized files (Serialized files now loaded: 0)
Unloading 40 unused Assets / (91.9 KB). Loaded Objects now: 3960.
Memory consumption went from 117.9 MB to 117.8 MB.
Total: 10.428800 ms (FindLiveObjects: 0.493100 ms CreateObjectMapping: 0.241400 ms MarkObjects: 9.337200 ms  DeleteObjects: 0.354300 ms)

AssetImportParameters requested are different than current active one (requested -> active):
  custom:video-decoder-ogg-theora: a1e56fd34408186e4bbccfd4996cb3dc -> 
  custom:container-muxer-webm: aa71ff27fc2769a1b78a27578f13a17b -> 
  custom:container-demuxer-webm: 4f35f7cbe854078d1ac9338744f61a02 -> 
  custom:video-encoder-webm-vp8: eb34c28f22e8b96e1ab97ce403110664 -> 
  custom:video-codec-MediaFoundation-h265: 746d11721c4dcdbdad8f713fa42b33f4 -> 
  custom:audio-encoder-webm-vorbis: bf7c407c2cedff20999df2af8eb42d56 -> 
  custom:framework-win-MediaFoundation: 216162199b28c13a410421893ffa2e32 -> 
  custom:container-demuxer-ogg: 62fdf1f143b41e24485cea50d1cbac27 -> 
  custom:video-decoder-webm-vp8: 9c59270c3fd7afecdb556c50c9e8de78 -> 
  custom:audio-decoder-ogg-vorbis: bf7c407c2cedff20999df2af8eb42d56 -> 
========================================================================
Received Import Request.
  Time since last request: 191.489161 seconds.
  path: Assets/Scenes/ARCam.unity
  artifactKey: Guid(5dab9b198c9d5774b98249115d1500ca) Importer(815301076,1909f56bfc062723c751e8b465ee728b)
Start importing Assets/Scenes/ARCam.unity using Guid(5dab9b198c9d5774b98249115d1500ca) Importer(815301076,1909f56bfc062723c751e8b465ee728b)  -> (artifact id: 'c60d961d8e72698f95f88bf4b5853ee6') in 0.016391 seconds 
========================================================================
Received Import Request.
  Time since last request: 69.560725 seconds.
  path: Assets/Scenes/UI.unity
  artifactKey: Guid(e64760a8749cb2041b6e00b426f182c8) Importer(815301076,1909f56bfc062723c751e8b465ee728b)
Start importing Assets/Scenes/UI.unity using Guid(e64760a8749cb2041b6e00b426f182c8) Importer(815301076,1909f56bfc062723c751e8b465ee728b)  -> (artifact id: '8518b64b847547308a23c46f00d5d8c1') in 0.003958 seconds 
========================================================================
Received Prepare
Refreshing native plugins compatible for Editor in 9.85 ms, found 6 plugins.
Preloading 2 native plugins for Editor in 0.05 ms.
Unloading 41 Unused Serialized files (Serialized files now loaded: 0)
Unloading 40 unused Assets / (89.1 KB). Loaded Objects now: 3961.
Memory consumption went from 56.8 MB to 56.8 MB.
Total: 3.752600 ms (FindLiveObjects: 0.252000 ms CreateObjectMapping: 0.100300 ms MarkObjects: 3.198200 ms  DeleteObjects: 0.199500 ms)

AssetImportParameters requested are different than current active one (requested -> active):
  custom:video-decoder-ogg-theora: a1e56fd34408186e4bbccfd4996cb3dc -> 
  custom:container-muxer-webm: aa71ff27fc2769a1b78a27578f13a17b -> 
  custom:container-demuxer-webm: 4f35f7cbe854078d1ac9338744f61a02 -> 
  custom:video-encoder-webm-vp8: eb34c28f22e8b96e1ab97ce403110664 -> 
  custom:video-codec-MediaFoundation-h265: 746d11721c4dcdbdad8f713fa42b33f4 -> 
  custom:audio-encoder-webm-vorbis: bf7c407c2cedff20999df2af8eb42d56 -> 
  custom:framework-win-MediaFoundation: 216162199b28c13a410421893ffa2e32 -> 
  custom:container-demuxer-ogg: 62fdf1f143b41e24485cea50d1cbac27 -> 
  custom:video-decoder-webm-vp8: 9c59270c3fd7afecdb556c50c9e8de78 -> 
  custom:audio-decoder-ogg-vorbis: bf7c407c2cedff20999df2af8eb42d56 -> 
========================================================================
Received Prepare
Registering precompiled user dll's ...
Registered in 0.012061 seconds.
Begin MonoManager ReloadAssembly
Symbol file LoadedFromMemory doesn't match image D:\SUNIB\B25\SEMESTER 4\MID EXAM\Multimedia\MID EXAM\Library\PackageCache\com.unity.visualscripting@1.8.0\Editor\VisualScripting.Core\Dependencies\YamlDotNet\Unity.VisualScripting.YamlDotNet.dll
Symbol file LoadedFromMemory doesn't match image D:\SUNIB\B25\SEMESTER 4\MID EXAM\Multimedia\MID EXAM\Library\PackageCache\com.unity.visualscripting@1.8.0\Editor\VisualScripting.Core\Dependencies\DotNetZip\Unity.VisualScripting.IonicZip.dll
Native extension for WindowsStandalone target not found
Native extension for iOS target not found
Native extension for Android target not found
Refreshing native plugins compatible for Editor in 1.38 ms, found 6 plugins.
Preloading 2 native plugins for Editor in 0.12 ms.
Mono: successfully reloaded assembly
- Completed reload, in  2.266 seconds
Domain Reload Profiling:
	ReloadAssembly (2270ms)
		BeginReloadAssembly (394ms)
			ExecutionOrderSort (0ms)
			DisableScriptedObjects (16ms)
			BackupInstance (0ms)
			ReleaseScriptingObjects (0ms)
			CreateAndSetChildDomain (73ms)
		EndReloadAssembly (1464ms)
			LoadAssemblies (483ms)
			RebuildTransferFunctionScriptingTraits (0ms)
			SetupTypeCache (566ms)
			ReleaseScriptCaches (2ms)
			RebuildScriptCaches (52ms)
			SetupLoadedEditorAssemblies (455ms)
				LogAssemblyErrors (0ms)
				InitializePlatformSupportModulesInManaged (36ms)
				SetLoadedEditorAssemblies (0ms)
				RefreshPlugins (2ms)
				BeforeProcessingInitializeOnLoad (70ms)
				ProcessInitializeOnLoadAttributes (298ms)
				ProcessInitializeOnLoadMethodAttributes (35ms)
				AfterProcessingInitializeOnLoad (12ms)
				EditorAssembliesLoaded (1ms)
			ExecutionOrderSort2 (0ms)
			AwakeInstancesAfterBackupRestoration (12ms)
Platform modules already initialized, skipping
Refreshing native plugins compatible for Editor in 4.41 ms, found 6 plugins.
Preloading 2 native plugins for Editor in 0.10 ms.
Unloading 3077 Unused Serialized files (Serialized files now loaded: 0)
Unloading 41 unused Assets / (90.8 KB). Loaded Objects now: 3963.
Memory consumption went from 117.9 MB to 117.8 MB.
Total: 3.640800 ms (FindLiveObjects: 0.401500 ms CreateObjectMapping: 0.209000 ms MarkObjects: 2.868400 ms  DeleteObjects: 0.155000 ms)

AssetImportParameters requested are different than current active one (requested -> active):
  custom:video-decoder-ogg-theora: a1e56fd34408186e4bbccfd4996cb3dc -> 
  custom:container-muxer-webm: aa71ff27fc2769a1b78a27578f13a17b -> 
  custom:container-demuxer-webm: 4f35f7cbe854078d1ac9338744f61a02 -> 
  custom:video-encoder-webm-vp8: eb34c28f22e8b96e1ab97ce403110664 -> 
  custom:video-codec-MediaFoundation-h265: 746d11721c4dcdbdad8f713fa42b33f4 -> 
  custom:audio-encoder-webm-vorbis: bf7c407c2cedff20999df2af8eb42d56 -> 
  custom:framework-win-MediaFoundation: 216162199b28c13a410421893ffa2e32 -> 
  custom:container-demuxer-ogg: 62fdf1f143b41e24485cea50d1cbac27 -> 
  custom:video-decoder-webm-vp8: 9c59270c3fd7afecdb556c50c9e8de78 -> 
  custom:audio-decoder-ogg-vorbis: bf7c407c2cedff20999df2af8eb42d56 -> 
